\BOOKMARK [0][-]{chapter.1}{\376\377\000I\000n\000t\000r\000o\000d\000u\000c\000c\000i\000\363\000n\000.\000\040\000P\000r\000o\000p\000i\000e\000d\000a\000d\000e\000s\000\040\000b\000\341\000s\000i\000c\000a\000s\000\040\000d\000e\000\040\000l\000o\000s\000\040\000f\000l\000u\000i\000d\000o\000s}{}% 1
\BOOKMARK [1][-]{section.1.1}{\376\377\000D\000e\000f\000i\000n\000i\000c\000i\000\363\000n\000\040\000d\000e\000\040\000f\000l\000u\000i\000d\000o}{chapter.1}% 2
\BOOKMARK [1][-]{section.1.2}{\376\377\000H\000i\000p\000\363\000t\000e\000s\000i\000s\000\040\000d\000e\000l\000\040\000m\000e\000d\000i\000o\000\040\000c\000o\000n\000t\000i\000n\000u\000o}{chapter.1}% 3
\BOOKMARK [1][-]{section.1.3}{\376\377\000P\000r\000o\000p\000i\000e\000d\000a\000d\000e\000s\000\040\000d\000e\000\040\000l\000o\000s\000\040\000f\000l\000u\000i\000d\000o\000s}{chapter.1}% 4
\BOOKMARK [1][-]{section.1.4}{\376\377\000F\000u\000e\000r\000z\000a\000s\000\040\000s\000o\000b\000r\000e\000\040\000f\000l\000u\000i\000d\000o\000s}{chapter.1}% 5
\BOOKMARK [2][-]{subsection.1.4.1}{\376\377\000F\000u\000e\000r\000z\000a\000s\000\040\000d\000e\000\040\000s\000u\000p\000e\000r\000f\000i\000c\000i\000e}{section.1.4}% 6
\BOOKMARK [2][-]{subsection.1.4.2}{\376\377\000F\000u\000e\000r\000z\000a\000s\000\040\000m\000\341\000s\000i\000c\000a\000s}{section.1.4}% 7
\BOOKMARK [2][-]{subsection.1.4.3}{\376\377\000F\000u\000e\000r\000z\000a\000s\000\040\000l\000i\000n\000e\000a\000l\000e\000s\000\040\000\050\000t\000e\000n\000s\000i\000\363\000n\000\040\000s\000u\000p\000e\000r\000f\000i\000c\000i\000a\000l\000\051}{section.1.4}% 8
\BOOKMARK [0][-]{chapter.2}{\376\377\000H\000i\000d\000r\000o\000s\000t\000\341\000t\000i\000c\000a}{}% 9
\BOOKMARK [1][-]{section.2.1}{\376\377\000E\000c\000u\000a\000c\000i\000\363\000n\000\040\000f\000u\000n\000d\000a\000m\000e\000n\000t\000a\000l\000\040\000d\000e\000\040\000l\000a\000\040\000f\000l\000u\000i\000d\000o\000s\000t\000\341\000t\000i\000c\000a}{chapter.2}% 10
\BOOKMARK [1][-]{section.2.2}{\376\377\000P\000r\000e\000s\000i\000\363\000n\000\040\000a\000t\000m\000o\000s\000f\000\351\000r\000i\000c\000a}{chapter.2}% 11
\BOOKMARK [1][-]{section.2.3}{\376\377\000F\000u\000e\000r\000z\000a\000\040\000d\000e\000\040\000u\000n\000\040\000f\000l\000u\000i\000d\000o\000\040\000e\000s\000t\000\341\000t\000i\000c\000o\000\040\000s\000o\000b\000r\000e\000\040\000u\000n\000a\000\040\000s\000u\000p\000e\000r\000f\000i\000c\000i\000e}{chapter.2}% 12
\BOOKMARK [2][-]{subsection.2.3.1}{\376\377\000C\000\341\000l\000c\000u\000l\000o\000\040\000d\000e\000\040\000l\000a\000\040\000f\000u\000e\000r\000z\000a}{section.2.3}% 13
\BOOKMARK [2][-]{subsection.2.3.2}{\376\377\000C\000o\000o\000r\000d\000e\000n\000a\000d\000a\000s\000\040\000d\000e\000l\000\040\000p\000u\000n\000t\000o\000\040\000d\000e\000\040\000a\000p\000l\000i\000c\000a\000c\000i\000\363\000n}{section.2.3}% 14
\BOOKMARK [2][-]{subsection.2.3.3}{\376\377\000F\000u\000e\000r\000z\000a\000\040\000s\000o\000b\000r\000e\000\040\000u\000n\000a\000\040\000s\000u\000p\000e\000r\000f\000i\000c\000i\000e\000\040\000c\000u\000r\000v\000a\000\040\000t\000o\000t\000a\000l\000m\000e\000n\000t\000e\000\040\000s\000u\000m\000e\000r\000g\000i\000d\000a}{section.2.3}% 15
\BOOKMARK [1][-]{section.2.4}{\376\377\000P\000r\000i\000n\000c\000i\000p\000i\000o\000\040\000d\000e\000\040\000A\000r\000q\000u\000\355\000m\000e\000d\000e\000s}{chapter.2}% 16
\BOOKMARK [1][-]{section.2.5}{\376\377\000S\000e\000g\000u\000n\000d\000a\000\040\000l\000e\000y\000\040\000d\000e\000\040\000A\000r\000q\000u\000\355\000m\000e\000d\000e\000s}{chapter.2}% 17
\BOOKMARK [1][-]{section.2.6}{\376\377\000E\000s\000t\000a\000b\000i\000l\000i\000d\000a\000d}{chapter.2}% 18
\BOOKMARK [1][-]{section.2.7}{\376\377\000P\000r\000e\000s\000i\000o\000n\000e\000s\000\040\000c\000o\000n\000\040\000a\000c\000e\000l\000e\000r\000a\000c\000i\000\363\000n}{chapter.2}% 19
\BOOKMARK [2][-]{subsection.2.7.1}{\376\377\000I\000n\000t\000r\000o\000d\000u\000c\000c\000i\000\363\000n\000.\000\040\000E\000q\000u\000i\000l\000i\000b\000r\000i\000o\000\040\000d\000e\000\040\000u\000n\000a\000\040\000p\000a\000r\000t\000\355\000c\000u\000l\000a}{section.2.7}% 20
\BOOKMARK [2][-]{subsection.2.7.2}{\376\377\000A\000c\000e\000l\000e\000r\000a\000c\000i\000\363\000n\000\040\000l\000i\000n\000e\000a\000l}{section.2.7}% 21
\BOOKMARK [2][-]{subsection.2.7.3}{\376\377\000R\000o\000t\000a\000c\000i\000\363\000n\000\040\000c\000o\000m\000o\000\040\000s\000\363\000l\000i\000d\000o\000\040\000r\000\355\000g\000i\000d\000o}{section.2.7}% 22
\BOOKMARK [0][-]{chapter.3}{\376\377\000C\000i\000n\000e\000m\000\341\000t\000i\000c\000a\000\040\000d\000e\000\040\000f\000l\000u\000i\000d\000o\000s}{}% 23
\BOOKMARK [1][-]{section.3.1}{\376\377\000D\000e\000s\000c\000r\000i\000p\000c\000i\000\363\000n\000\040\000E\000u\000l\000e\000r\000i\000a\000n\000a\000\040\000y\000\040\000L\000a\000g\000r\000a\000n\000g\000i\000a\000n\000a}{chapter.3}% 24
\BOOKMARK [1][-]{section.3.2}{\376\377\000L\000i\000n\000e\000a\000s\000\040\000d\000e\000\040\000c\000o\000r\000r\000i\000e\000n\000t\000e\000,\000\040\000t\000r\000a\000y\000e\000c\000t\000o\000r\000i\000a\000s\000\040\000y\000\040\000l\000i\000n\000e\000a\000s\000\040\000d\000e\000\040\000t\000r\000a\000z\000a}{chapter.3}% 25
\BOOKMARK [1][-]{section.3.3}{\376\377\000D\000e\000r\000i\000v\000a\000d\000a\000\040\000s\000u\000s\000t\000a\000n\000c\000i\000a\000l}{chapter.3}% 26
\BOOKMARK [1][-]{section.3.4}{\376\377\000C\000i\000r\000c\000u\000l\000a\000c\000i\000\363\000n\000,\000\040\000F\000l\000u\000j\000o\000\040\000y\000\040\000V\000o\000r\000t\000i\000c\000i\000d\000a\000d}{chapter.3}% 27
\BOOKMARK [1][-]{section.3.5}{\376\377\000M\000o\000v\000i\000m\000i\000e\000n\000t\000o\000\040\000r\000e\000l\000a\000t\000i\000v\000o\000\040\000e\000n\000\040\000e\000l\000\040\000e\000n\000t\000o\000r\000n\000o\000\040\000d\000e\000\040\000u\000n\000\040\000p\000u\000n\000t\000o}{chapter.3}% 28
\BOOKMARK [0][-]{chapter.4}{\376\377\000E\000c\000u\000a\000c\000i\000o\000n\000e\000s\000\040\000d\000e\000\040\000l\000a\000\040\000D\000i\000n\000\341\000m\000i\000c\000a}{}% 29
\BOOKMARK [1][-]{section.4.1}{\376\377\000I\000n\000t\000r\000o\000d\000u\000c\000c\000i\000\363\000n}{chapter.4}% 30
\BOOKMARK [1][-]{section.4.2}{\376\377\000F\000o\000r\000m\000u\000l\000a\000c\000i\000\363\000n\000\040\000i\000n\000t\000e\000g\000r\000a\000l\000\040\000y\000\040\000d\000i\000f\000e\000r\000e\000n\000c\000i\000a\000l}{chapter.4}% 31
\BOOKMARK [2][-]{subsection.4.2.1}{\376\377\000S\000i\000s\000t\000e\000m\000a\000\040\000y\000\040\000v\000o\000l\000u\000m\000e\000n\000\040\000d\000e\000\040\000c\000o\000n\000t\000r\000o\000l}{section.4.2}% 32
\BOOKMARK [2][-]{subsection.4.2.2}{\376\377\000E\000l\000\040\000t\000e\000o\000r\000e\000m\000a\000\040\000d\000e\000\040\000a\000r\000r\000a\000s\000t\000r\000e\000\040\000d\000e\000\040\000R\000e\000y\000n\000o\000l\000d\000s}{section.4.2}% 33
\BOOKMARK [1][-]{section.4.3}{\376\377\000E\000c\000u\000a\000c\000i\000\363\000n\000\040\000i\000n\000t\000e\000g\000r\000a\000l\000\040\000d\000e\000\040\000c\000o\000n\000s\000e\000r\000v\000a\000c\000i\000\363\000n\000\040\000d\000e\000\040\000l\000a\000\040\000m\000a\000s\000a}{chapter.4}% 34
\BOOKMARK [2][-]{subsection.4.3.1}{\376\377\000D\000e\000f\000i\000n\000i\000c\000i\000\363\000n\000\040\000d\000e\000\040\000v\000e\000l\000o\000c\000i\000d\000a\000d\000\040\000m\000e\000d\000i\000a}{section.4.3}% 35
\BOOKMARK [1][-]{section.4.4}{\376\377\000E\000c\000u\000a\000c\000i\000\363\000n\000\040\000d\000i\000f\000e\000r\000e\000n\000c\000i\000a\000l\000\040\000d\000e\000\040\000c\000o\000n\000s\000e\000r\000v\000a\000c\000i\000\363\000n\000\040\000d\000e\000\040\000l\000a\000\040\000m\000a\000s\000a}{chapter.4}% 36
\BOOKMARK [2][-]{subsection.4.4.1}{\376\377\000L\000\355\000n\000e\000a\000s\000\040\000d\000e\000\040\000c\000o\000r\000r\000i\000e\000n\000t\000e}{section.4.4}% 37
\BOOKMARK [1][-]{section.4.5}{\376\377\000E\000c\000u\000a\000c\000i\000\363\000n\000\040\000i\000n\000t\000e\000g\000r\000a\000l\000\040\000d\000e\000\040\000l\000a\000\040\000c\000o\000n\000s\000e\000r\000v\000a\000c\000i\000\363\000n\000\040\000d\000e\000\040\000l\000a\000\040\000c\000a\000n\000t\000i\000d\000a\000d\000\040\000d\000e\000\040\000m\000o\000v\000i\000m\000i\000e\000n\000t\000o}{chapter.4}% 38
\BOOKMARK [1][-]{section.4.6}{\376\377\000C\000\341\000l\000c\000u\000l\000o\000\040\000d\000e\000\040\000f\000u\000e\000r\000z\000a\000s\000\040\000e\000n\000\040\000u\000n\000\040\000V\000C}{chapter.4}% 39
\BOOKMARK [2][-]{subsection.4.6.1}{\376\377\000S\000i\000s\000t\000e\000m\000a\000\040\000d\000e\000\040\000R\000e\000f\000e\000r\000e\000n\000c\000i\000a\000\040\000N\000o\000\040\000I\000n\000e\000r\000c\000i\000a\000l}{section.4.6}% 40
\BOOKMARK [2][-]{subsection.4.6.2}{\376\377\000F\000a\000c\000t\000o\000r\000\040\000d\000e\000\040\000c\000o\000r\000r\000e\000c\000c\000i\000\363\000n\000\040\000d\000e\000\040\000f\000l\000u\000j\000o\000\040\000d\000e\000\040\000c\000a\000n\000t\000i\000d\000a\000d\000\040\000d\000e\000\040\000m\000o\000v\000i\000m\000i\000e\000n\000t\000o}{section.4.6}% 41
\BOOKMARK [1][-]{section.4.7}{\376\377\000E\000c\000u\000a\000c\000i\000\363\000n\000\040\000d\000i\000f\000e\000r\000e\000n\000c\000i\000a\000l\000\040\000d\000e\000\040\000l\000a\000\040\000c\000o\000n\000s\000e\000r\000v\000a\000c\000i\000\363\000n\000\040\000d\000e\000\040\000l\000a\000\040\000c\000a\000n\000t\000i\000d\000a\000d\000\040\000d\000e\000\040\000m\000o\000v\000i\000m\000i\000e\000n\000t\000o}{chapter.4}% 42
\BOOKMARK [1][-]{section.4.8}{\376\377\000E\000l\000\040\000t\000e\000n\000s\000o\000r\000\040\000d\000e\000\040\000t\000e\000n\000s\000i\000o\000n\000e\000s\000\040\000p\000a\000r\000a\000\040\000f\000l\000u\000i\000d\000o\000s\000\040\000n\000e\000w\000t\000o\000n\000i\000a\000n\000o\000s\000.\000\040\000L\000a\000\040\000e\000c\000u\000a\000c\000i\000\363\000n\000\040\000d\000e\000\040\000N\000a\000v\000i\000e\000r\000-\000S\000t\000o\000k\000e\000s}{chapter.4}% 43
\BOOKMARK [1][-]{section.4.9}{\376\377\000E\000c\000u\000a\000c\000i\000\363\000n\000\040\000i\000n\000t\000e\000g\000r\000a\000l\000\040\000d\000e\000\040\000l\000a\000\040\000c\000o\000n\000s\000e\000r\000v\000a\000c\000i\000\363\000n\000\040\000d\000e\000l\000\040\000m\000o\000m\000e\000n\000t\000o\000\040\000c\000i\000n\000\351\000t\000i\000c\000o}{chapter.4}% 44
\BOOKMARK [1][-]{section.4.10}{\376\377\000C\000\341\000l\000c\000u\000l\000o\000\040\000d\000e\000\040\000m\000o\000m\000e\000n\000t\000o\000s\000\040\000e\000n\000\040\000u\000n\000\040\000V\000C}{chapter.4}% 45
\BOOKMARK [2][-]{subsection.4.10.1}{\376\377\000E\000j\000e\000m\000p\000l\000o\000\040\0001\000:}{section.4.10}% 46
\BOOKMARK [1][-]{section.4.11}{\376\377\000L\000a\000s\000\040\000t\000u\000r\000b\000o\000m\000\341\000q\000u\000i\000n\000a\000s\000\040\000h\000i\000d\000r\000\341\000u\000l\000i\000c\000a\000s}{chapter.4}% 47
\BOOKMARK [2][-]{subsection.4.11.1}{\376\377\000L\000a\000\040\000c\000o\000n\000s\000e\000r\000v\000a\000c\000i\000\363\000n\000\040\000d\000e\000l\000\040\000m\000o\000m\000e\000n\000t\000o\000\040\000c\000i\000n\000\351\000t\000i\000c\000o\000\040\000y\000\040\000l\000a\000s\000\040\000t\000u\000r\000b\000o\000m\000\341\000q\000u\000i\000n\000a\000s\000\040\000h\000i\000d\000r\000\341\000u\000l\000i\000c\000a\000s}{section.4.11}% 48
\BOOKMARK [2][-]{subsection.4.11.2}{\376\377\000E\000l\000\040\000t\000r\000i\000\341\000n\000g\000u\000l\000o\000\040\000d\000e\000\040\000v\000e\000l\000o\000c\000i\000d\000a\000d\000e\000s\000\040\000y\000\040\000l\000a\000\040\000e\000c\000u\000a\000c\000i\000\363\000n\000\040\000d\000e\000\040\000E\000u\000l\000e\000r}{section.4.11}% 49
\BOOKMARK [1][-]{section.4.12}{\376\377\000E\000c\000u\000a\000c\000i\000\363\000n\000\040\000i\000n\000t\000e\000g\000r\000a\000l\000\040\000d\000e\000\040\000l\000a\000\040\000c\000o\000n\000s\000e\000r\000v\000a\000c\000i\000\363\000n\000\040\000d\000e\000\040\000l\000a\000\040\000e\000n\000e\000r\000g\000\355\000a}{chapter.4}% 50
\BOOKMARK [2][-]{subsection.4.12.1}{\376\377\000A\000n\000\341\000l\000i\000s\000i\000s\000\040\000d\000e\000l\000\040\000t\000r\000a\000b\000a\000j\000o}{section.4.12}% 51
\BOOKMARK [2][-]{subsection.4.12.2}{\376\377\000E\000c\000u\000a\000c\000i\000\363\000n\000\040\000d\000e\000\040\000B\000e\000r\000n\000o\000u\000l\000l\000i}{section.4.12}% 52
\BOOKMARK [1][-]{section.4.13}{\376\377\000E\000c\000u\000a\000c\000i\000\363\000n\000\040\000d\000i\000f\000e\000r\000e\000n\000c\000i\000a\000l\000\040\000d\000e\000\040\000l\000a\000\040\000c\000o\000n\000s\000e\000r\000v\000a\000c\000i\000\363\000n\000\040\000d\000e\000\040\000l\000a\000\040\000e\000n\000e\000r\000g\000\355\000a}{chapter.4}% 53
\BOOKMARK [1][-]{section.4.14}{\376\377\000D\000e\000r\000i\000v\000a\000c\000i\000\363\000n\000\040\000d\000e\000\040\000l\000a\000\040\000E\000c\000u\000a\000c\000i\000\363\000n\000\040\000d\000e\000\040\000B\000e\000r\000n\000o\000u\000l\000l\000i\000\040\000a\000\040\000p\000a\000r\000t\000i\000r\000\040\000d\000e\000\040\000l\000a\000\040\000E\000c\000u\000a\000c\000i\000\363\000n\000\040\000d\000e\000\040\000E\000u\000l\000e\000r}{chapter.4}% 54
\BOOKMARK [1][-]{section.4.15}{\376\377\000P\000r\000e\000s\000i\000\363\000n\000\040\000e\000s\000t\000\341\000t\000i\000c\000a\000,\000\040\000d\000i\000n\000\341\000m\000i\000c\000a\000\040\000y\000\040\000d\000e\000\040\000r\000e\000m\000a\000n\000s\000o}{chapter.4}% 55
\BOOKMARK [2][-]{subsection.4.15.1}{\376\377\000T\000u\000b\000o\000\040\000d\000e\000\040\000V\000e\000n\000t\000u\000r\000i}{section.4.15}% 56
\BOOKMARK [2][-]{subsection.4.15.2}{\376\377\000D\000i\000a\000f\000r\000a\000g\000m\000a}{section.4.15}% 57
\BOOKMARK [2][-]{subsection.4.15.3}{\376\377\000V\000a\000c\000i\000a\000d\000o\000\040\000d\000e\000\040\000u\000n\000\040\000d\000e\000p\000\363\000s\000i\000t\000o}{section.4.15}% 58
\BOOKMARK [0][-]{chapter.5}{\376\377\000F\000l\000u\000j\000o\000\040\000c\000o\000n\000\040\000v\000i\000s\000c\000o\000s\000i\000d\000a\000d\000\040\000d\000o\000m\000i\000n\000a\000n\000t\000e}{}% 59
\BOOKMARK [1][-]{section.5.1}{\376\377\000E\000c\000u\000a\000c\000i\000o\000n\000e\000s\000\040\000y\000\040\000c\000o\000n\000d\000i\000c\000i\000o\000n\000e\000s\000\040\000d\000e\000\040\000c\000o\000n\000t\000o\000r\000n\000o}{chapter.5}% 60
\BOOKMARK [1][-]{section.5.2}{\376\377\000F\000l\000u\000j\000o\000\040\000e\000n\000t\000r\000e\000\040\000p\000l\000a\000c\000a\000s\000\040\000p\000l\000a\000n\000a\000s\000\040\000p\000a\000r\000a\000l\000e\000l\000a\000s}{chapter.5}% 61
\BOOKMARK [2][-]{subsection.5.2.1}{\376\377\000F\000l\000u\000j\000o\000\040\000e\000n\000t\000r\000e\000\040\000p\000l\000a\000c\000a\000s\000\040\000p\000l\000a\000n\000a\000s\000\040\000p\000a\000r\000a\000l\000e\000l\000a\000s\000\040\000c\000o\000n\000\040\000m\000o\000v\000i\000m\000i\000e\000n\000t\000o\000\040\000r\000e\000l\000a\000t\000i\000v\000o\000\040}{section.5.2}% 62
\BOOKMARK [2][-]{subsection.5.2.2}{\376\377\000F\000l\000u\000j\000o\000\040\000e\000n\000t\000r\000e\000\040\000p\000l\000a\000c\000a\000s\000\040\000p\000l\000a\000n\000a\000s\000\040\000f\000i\000j\000a\000s\000\040\000c\000o\000n\000\040\000g\000r\000a\000d\000i\000e\000n\000t\000e\000\040\000d\000e\000\040\000p\000r\000e\000s\000i\000\363\000n\000\040}{section.5.2}% 63
\BOOKMARK [1][-]{section.5.3}{\376\377\000E\000c\000u\000a\000c\000i\000o\000n\000e\000s\000\040\000d\000e\000\040\000c\000o\000n\000t\000i\000n\000u\000i\000d\000a\000d\000\040\000y\000\040\000N\000a\000v\000i\000e\000r\000-\000S\000t\000o\000k\000e\000s\000\040\000e\000n\000\040\000c\000o\000o\000r\000d\000e\000n\000a\000d\000a\000s\000\040\000c\000i\000l\000\355\000n\000d\000r\000i\000c\000a\000s}{chapter.5}% 64
\BOOKMARK [1][-]{section.5.4}{\376\377\000F\000l\000u\000j\000o\000\040\000d\000e\000\040\000H\000a\000g\000e\000n\000-\000P\000o\000i\000s\000e\000u\000i\000l\000l\000e}{chapter.5}% 65
\BOOKMARK [1][-]{section.5.5}{\376\377\000F\000l\000u\000j\000o\000\040\000e\000n\000t\000r\000e\000\040\000d\000o\000s\000\040\000c\000i\000l\000i\000n\000d\000r\000o\000s\000\040\000r\000o\000t\000a\000t\000o\000r\000i\000o\000s\000\040\000c\000o\000n\000c\000\351\000n\000t\000r\000i\000c\000o\000s}{chapter.5}% 66
\BOOKMARK [0][-]{chapter.6}{\376\377\000A\000n\000\341\000l\000i\000s\000i\000s\000\040\000D\000i\000m\000e\000n\000s\000i\000o\000n\000a\000l}{}% 67
\BOOKMARK [1][-]{section.6.1}{\376\377\000E\000l\000\040\000T\000e\000o\000r\000e\000m\000a\000\040\000\040\000d\000e\000\040\000B\000u\000c\000k\000i\000n\000g\000h\000a\000m}{chapter.6}% 68
\BOOKMARK [1][-]{section.6.2}{\376\377\000N\000\372\000m\000e\000r\000o\000s\000\040\000a\000d\000i\000m\000e\000n\000s\000i\000o\000n\000a\000l\000e\000s\000\040\000b\000\341\000s\000i\000c\000o\000s}{chapter.6}% 69
\BOOKMARK [1][-]{section.6.3}{\376\377\000A\000d\000i\000m\000e\000n\000s\000i\000o\000n\000a\000l\000i\000z\000a\000c\000i\000\363\000n\000\040\000d\000e\000\040\000e\000c\000u\000a\000c\000i\000o\000n\000e\000s}{chapter.6}% 70
\BOOKMARK [1][-]{section.6.4}{\376\377\000S\000i\000m\000i\000l\000i\000t\000u\000d}{chapter.6}% 71
\BOOKMARK [2][-]{subsection.6.4.1}{\376\377\000S\000i\000m\000i\000l\000i\000t\000u\000d\000\040\000c\000i\000n\000e\000m\000\341\000t\000i\000c\000a}{section.6.4}% 72
\BOOKMARK [2][-]{subsection.6.4.2}{\376\377\000S\000i\000m\000i\000l\000i\000t\000u\000d\000\040\000d\000i\000n\000\341\000m\000i\000c\000a}{section.6.4}% 73
\BOOKMARK [0][-]{chapter.7}{\376\377\000T\000u\000r\000b\000u\000l\000e\000n\000c\000i\000a}{}% 74
\BOOKMARK [1][-]{section.7.1}{\376\377\000P\000r\000o\000m\000e\000d\000i\000a\000d\000o\000\040\000d\000e\000\040\000R\000e\000y\000n\000o\000l\000d\000s}{chapter.7}% 75
\BOOKMARK [1][-]{section.7.2}{\376\377\000I\000n\000t\000e\000r\000p\000r\000e\000t\000a\000c\000i\000\363\000n\000\040\000f\000\355\000s\000i\000c\000a\000\040\000d\000e\000l\000\040\000t\000e\000n\000s\000o\000r\000\040\000d\000e\000\040\000R\000e\000y\000n\000o\000l\000d\000s}{chapter.7}% 76
\BOOKMARK [1][-]{section.7.3}{\376\377\000L\000e\000y\000\040\000d\000e\000\040\000p\000a\000r\000e\000d\000\040\000y\000\040\000c\000a\000p\000a\000\040\000l\000\355\000m\000i\000t\000e\000\040\000t\000u\000r\000b\000u\000l\000e\000n\000t\000a}{chapter.7}% 77
\BOOKMARK [0][-]{chapter.8}{\376\377\000C\000a\000p\000a\000\040\000L\000\355\000m\000i\000t\000e}{}% 78
\BOOKMARK [1][-]{section.8.1}{\376\377\000C\000a\000p\000a\000\040\000l\000\355\000m\000i\000t\000e\000\040\000l\000a\000m\000i\000n\000a\000r\000.\000\040\000E\000c\000u\000a\000c\000i\000\363\000n\000\040\000d\000e\000\040\000B\000l\000a\000s\000i\000u\000s}{chapter.8}% 79
\BOOKMARK [1][-]{section.8.2}{\376\377\000E\000c\000u\000a\000c\000i\000\363\000n\000\040\000d\000e\000\040\000v\000o\000n\000\040\000K\000\341\000r\000m\000\341\000n}{chapter.8}% 80
\BOOKMARK [1][-]{section.8.3}{\376\377\000C\000a\000p\000a\000\040\000l\000\355\000m\000i\000t\000e\000\040\000t\000u\000r\000b\000u\000l\000e\000n\000t\000a}{chapter.8}% 81
\BOOKMARK [1][-]{section.8.4}{\376\377\000C\000a\000p\000a\000\040\000l\000\355\000m\000i\000t\000e\000\040\000c\000o\000n\000\040\000g\000r\000a\000d\000i\000e\000n\000t\000e\000\040\000d\000e\000\040\000p\000r\000e\000s\000i\000o\000n\000e\000s\000.\000\040\000S\000e\000p\000a\000r\000a\000c\000i\000\363\000n\000\040\000d\000e\000\040\000f\000l\000u\000j\000o}{chapter.8}% 82
\BOOKMARK [2][-]{subsection.8.4.1}{\376\377\000E\000l\000\040\000m\000\351\000t\000o\000d\000o\000\040\000d\000e\000\040\000T\000h\000w\000a\000i\000t\000e\000s}{section.8.4}% 83
\BOOKMARK [0][-]{chapter.9}{\376\377\000F\000l\000u\000j\000o\000\040\000I\000d\000e\000a\000l\000\040\000y\000\040\000E\000x\000t\000e\000r\000n\000o}{}% 84
\BOOKMARK [1][-]{section.9.1}{\376\377\000E\000c\000u\000a\000c\000i\000\363\000n\000\040\000d\000e\000\040\000E\000u\000l\000e\000r}{chapter.9}% 85
\BOOKMARK [1][-]{section.9.2}{\376\377\000F\000u\000n\000c\000i\000\363\000n\000\040\000d\000e\000\040\000c\000o\000r\000r\000i\000e\000n\000t\000e}{chapter.9}% 86
\BOOKMARK [1][-]{section.9.3}{\376\377\000L\000a\000\040\000e\000c\000u\000a\000c\000i\000\363\000n\000\040\000d\000e\000\040\000v\000o\000r\000t\000i\000c\000i\000d\000a\000d}{chapter.9}% 87
\BOOKMARK [1][-]{section.9.4}{\376\377\000F\000l\000u\000j\000o\000s\000\040\000p\000o\000t\000e\000n\000c\000i\000a\000l\000e\000s\000\040\000e\000l\000e\000m\000e\000n\000t\000a\000l\000e\000s}{chapter.9}% 88
\BOOKMARK [1][-]{section.9.5}{\376\377\000C\000i\000r\000c\000u\000l\000a\000c\000i\000\363\000n}{chapter.9}% 89
\BOOKMARK [2][-]{subsection.9.5.1}{\376\377\000D\000o\000s\000\040\000e\000j\000e\000m\000p\000l\000o\000s\000\040\000d\000e\000\040\000f\000l\000u\000j\000o\000s\000\040\000f\000o\000r\000m\000a\000d\000o\000s\000\040\000c\000o\000m\000o\000\040\000s\000u\000p\000e\000r\000p\000o\000s\000i\000c\000i\000\363\000n\000\040\000d\000e\000\040\000l\000o\000s\000\040\000t\000r\000e\000s\000\040\000f\000l\000u\000j\000o\000s\000\040\000e\000l\000e\000m\000e\000n\000t\000a\000l\000e\000s\000:}{section.9.5}% 90
\BOOKMARK [1][-]{section.9.6}{\376\377\000A\000e\000r\000o\000d\000i\000n\000\341\000m\000i\000c\000a}{chapter.9}% 91
\BOOKMARK [2][-]{subsection.9.6.1}{\376\377\000F\000l\000u\000j\000o\000\040\000a\000l\000r\000e\000d\000e\000d\000o\000r\000\040\000d\000e\000\040\000u\000n\000\040\000c\000i\000l\000i\000n\000d\000r\000o}{section.9.6}% 92
\BOOKMARK [1][-]{section.9.7}{\376\377\000F\000u\000e\000r\000z\000a\000s\000\040\000a\000e\000r\000o\000d\000i\000n\000\341\000m\000i\000c\000a\000s}{chapter.9}% 93
\BOOKMARK [2][-]{subsection.9.7.1}{\376\377\000A\000r\000r\000a\000s\000t\000r\000e\000\040\000d\000e\000\040\000f\000r\000i\000c\000c\000i\000\363\000n\000\040\000y\000\040\000d\000e\000\040\000p\000r\000e\000s\000i\000\363\000n}{section.9.7}% 94
\BOOKMARK [2][-]{subsection.9.7.2}{\376\377\000C\000o\000e\000f\000i\000c\000i\000e\000n\000t\000e\000s\000\040\000a\000e\000r\000o\000d\000i\000n\000\341\000m\000i\000c\000o\000s}{section.9.7}% 95
\BOOKMARK [2][-]{subsection.9.7.3}{\376\377\000P\000e\000r\000f\000i\000l\000\040\000a\000e\000r\000o\000d\000i\000n\000\341\000m\000i\000c\000o}{section.9.7}% 96
\BOOKMARK [0][-]{chapter.10}{\376\377\000F\000l\000u\000j\000o\000\040\000e\000n\000\040\000t\000u\000b\000e\000r\000\355\000a\000s}{}% 97
\BOOKMARK [1][-]{section.10.1}{\376\377\000L\000a\000\040\000e\000c\000u\000a\000c\000i\000\363\000n\000\040\000d\000e\000\040\000D\000a\000r\000c\000y\000-\000W\000e\000i\000s\000b\000a\000c\000h}{chapter.10}% 98
\BOOKMARK [1][-]{section.10.2}{\376\377\000F\000l\000u\000j\000o\000\040\000l\000a\000m\000i\000n\000a\000r}{chapter.10}% 99
\BOOKMARK [1][-]{section.10.3}{\376\377\000F\000l\000u\000j\000o\000\040\000t\000u\000r\000b\000u\000l\000e\000n\000t\000o\000\040\000e\000n\000\040\000t\000u\000b\000e\000r\000\355\000a\000\040\000l\000i\000s\000a}{chapter.10}% 100
\BOOKMARK [1][-]{section.10.4}{\376\377\000F\000l\000u\000j\000o\000\040\000t\000u\000r\000b\000u\000l\000e\000n\000t\000o\000\040\000e\000n\000\040\000t\000u\000b\000e\000r\000\355\000a\000\040\000r\000u\000g\000o\000s\000a}{chapter.10}% 101
\BOOKMARK [1][-]{section.10.5}{\376\377\000C\000\341\000l\000c\000u\000l\000o\000\040\000d\000e\000\040\000c\000a\000u\000d\000a\000l\000e\000s}{chapter.10}% 102
\BOOKMARK [1][-]{section.10.6}{\376\377\000D\000i\000m\000e\000n\000s\000i\000o\000n\000a\000m\000i\000e\000n\000t\000o\000\040\000d\000e\000\040\000t\000u\000b\000e\000r\000\355\000a\000s}{chapter.10}% 103
\BOOKMARK [1][-]{section.10.7}{\376\377\000C\000o\000n\000d\000u\000c\000t\000o\000s\000\040\000n\000o\000\040\000c\000i\000r\000c\000u\000l\000a\000r\000e\000s}{chapter.10}% 104
\BOOKMARK [1][-]{section.10.8}{\376\377\000P\000\351\000r\000d\000i\000d\000a\000s\000\040\000d\000e\000\040\000c\000a\000r\000g\000a\000\040\000s\000e\000c\000u\000n\000d\000a\000r\000i\000a\000s}{chapter.10}% 105
\BOOKMARK [0][-]{chapter.11}{\376\377\000F\000l\000u\000j\000o\000\040\000C\000o\000m\000p\000r\000e\000s\000i\000b\000l\000e}{}% 106
\BOOKMARK [1][-]{section.11.1}{\376\377\000R\000e\000p\000a\000s\000o\000\040\000d\000e\000\040\000T\000e\000r\000m\000o\000d\000i\000n\000\341\000m\000i\000c\000a}{chapter.11}% 107
\BOOKMARK [1][-]{section.11.2}{\376\377\000L\000a\000\040\000v\000e\000l\000o\000c\000i\000d\000a\000d\000\040\000d\000e\000l\000\040\000s\000o\000n\000i\000d\000o}{chapter.11}% 108
\BOOKMARK [1][-]{section.11.3}{\376\377\000F\000l\000u\000j\000o\000\040\000a\000d\000i\000a\000b\000\341\000t\000i\000c\000o}{chapter.11}% 109
\BOOKMARK [1][-]{section.11.4}{\376\377\000V\000a\000l\000o\000r\000e\000s\000\040\000s\000\363\000n\000i\000c\000o\000s}{chapter.11}% 110
\BOOKMARK [1][-]{section.11.5}{\376\377\000D\000i\000f\000u\000s\000o\000r\000e\000s\000\040\000e\000\040\000i\000n\000y\000e\000c\000t\000o\000r\000e\000s}{chapter.11}% 111
\BOOKMARK [1][-]{section.11.6}{\376\377\000O\000n\000d\000a\000s\000\040\000d\000e\000\040\000c\000h\000o\000q\000u\000e\000\040\000n\000o\000r\000m\000a\000l\000e\000s}{chapter.11}% 112
\BOOKMARK [1][-]{section.11.7}{\376\377\000T\000o\000b\000e\000r\000a\000s}{chapter.11}% 113
\BOOKMARK [2][-]{subsection.11.7.1}{\376\377\000T\000o\000b\000e\000r\000a\000\040\000c\000o\000n\000v\000e\000r\000g\000e\000n\000t\000e}{section.11.7}% 114
\BOOKMARK [2][-]{subsection.11.7.2}{\376\377\000T\000o\000b\000e\000r\000a\000\040\000c\000o\000n\000v\000e\000r\000g\000e\000n\000t\000e\000-\000d\000i\000v\000e\000r\000g\000e\000n\000t\000e}{section.11.7}% 115
\BOOKMARK [1][-]{section.11.8}{\376\377\000E\000l\000\040\000c\000o\000n\000o\000\040\000d\000e\000\040\000M\000a\000c\000h}{chapter.11}% 116
\BOOKMARK [1][-]{section.11.9}{\376\377\000O\000n\000d\000a\000\040\000d\000e\000\040\000c\000h\000o\000q\000u\000e\000\040\000o\000b\000l\000i\000c\000u\000a}{chapter.11}% 117
